<?xml version="1.0" encoding="UTF-8"?>
<con:testCase id="d62a0417-807e-4256-9edd-6fb7518c1b81" discardOkResults="false" failOnError="true" failTestCaseOnErrors="true" keepSession="false" name="Test Case 1" searchProperties="true" timeout="0" xmlns:con="http://eviware.com/soapui/config">
  <con:settings>
    <con:setting id="d62a0417-807e-4256-9edd-6fb7518c1b81fileName">Test-Case-1</con:setting>
  </con:settings>
  <con:savedRecentRuns>1</con:savedRecentRuns>
  <con:testStep type="restrequest" name="REST Request" id="e8767cb4-3341-42a4-9730-3095648c0339">
    <con:settings/>
    <con:config service="TestAPI" methodName="Method 1" resourcePath="/Dummy API" xsi:type="con:RestRequestStep" xmlns:xsi="http://www.w3.org/2001/XMLSchema-instance">
      <con:restRequest name="REST Request" id="cc6c802a-4e9a-4d74-b1b2-1418f8728f18" mediaType="application/json">
        <con:settings>
          <con:setting id="com.eviware.soapui.impl.wsdl.WsdlRequest@request-headers">&lt;xml-fragment/></con:setting>
        </con:settings>
        <con:encoding>UTF-8</con:encoding>
        <con:endpoint>https://reqres.in/api/users?page=2</con:endpoint>
        <con:request/>
        <con:originalUri>https://reqres.in/api/users</con:originalUri>
        <con:assertion type="Valid HTTP Status Codes" id="f1920218-b884-44c1-b544-39389ccdbbdf" name="Valid HTTP Status Codes">
          <con:settings/>
          <con:configuration>
            <codes>200</codes>
          </con:configuration>
        </con:assertion>
        <con:assertion type="Response SLA Assertion" id="ea58d592-b40b-4024-b1e7-7aa1f8c91d42" name="Response SLA">
          <con:configuration>
            <SLA>200</SLA>
          </con:configuration>
        </con:assertion>
        <con:credentials>
          <con:selectedAuthProfile>No Authorization</con:selectedAuthProfile>
          <con:authType>No Authorization</con:authType>
        </con:credentials>
        <con:jmsConfig JMSDeliveryMode="PERSISTENT"/>
        <con:parameters/>
      </con:restRequest>
    </con:config>
  </con:testStep>
  <con:properties/>
  <con:reportParameters/>
  <con:breakPoints>
    <con:testStepId>e8767cb4-3341-42a4-9730-3095648c0339</con:testStepId>
    <con:status>NONE</con:status>
    <con:properties/>
  </con:breakPoints>
</con:testCase>
